# JRE version: OpenJDK Runtime Environment (7.0_91-b02) (build 1.7.0_91-b02)
# Java VM: OpenJDK 64-Bit Server VM (24.91-b01 mixed mode linux-amd64 compressed oops)
Heap
 PSYoungGen      total 240640K, used 21222K [0x00000000eaa80000, 0x00000000fcd00000, 0x0000000100000000)
  eden space 201728K, 10% used [0x00000000eaa80000,0x00000000ebf398e8,0x00000000f6f80000)
  from space 38912K, 0% used [0x00000000f6f80000,0x00000000f6f80000,0x00000000f9580000)
  to   space 38400K, 0% used [0x00000000fa780000,0x00000000fa780000,0x00000000fcd00000)
 ParOldGen       total 108544K, used 108517K [0x00000000c0000000, 0x00000000c6a00000, 0x00000000eaa80000)
  object space 108544K, 99% used [0x00000000c0000000,0x00000000c69f9500,0x00000000c6a00000)
 PSPermGen       total 99840K, used 87468K [0x00000000b0000000, 0x00000000b6180000, 0x00000000c0000000)
  object space 99840K, 87% used [0x00000000b0000000,0x00000000b556b318,0x00000000b6180000)
GC Heap History (10 events):
Event: 1546,508 GC heap after
Heap after GC invocations=28 (full 7):
 PSYoungGen      total 240128K, used 21449K [0x00000000eaa80000, 0x00000000fba00000, 0x0000000100000000)
  eden space 203264K, 0% used [0x00000000eaa80000,0x00000000eaa80000,0x00000000f7100000)
  from space 36864K, 58% used [0x00000000f7100000,0x00000000f85f2650,0x00000000f9500000)
  to   space 37376K, 0% used [0x00000000f9580000,0x00000000f9580000,0x00000000fba00000)
 ParOldGen       total 108544K, used 66779K [0x00000000c0000000, 0x00000000c6a00000, 0x00000000eaa80000)
  object space 108544K, 61% used [0x00000000c0000000,0x00000000c4136e60,0x00000000c6a00000)
 PSPermGen       total 89088K, used 71875K [0x00000000b0000000, 0x00000000b5700000, 0x00000000c0000000)
  object space 89088K, 80% used [0x00000000b0000000,0x00000000b4630f08,0x00000000b5700000)
}
Event: 1546,518 GC heap before
{Heap before GC invocations=29 (full 8):
 PSYoungGen      total 240128K, used 21449K [0x00000000eaa80000, 0x00000000fba00000, 0x0000000100000000)
  eden space 203264K, 0% used [0x00000000eaa80000,0x00000000eaa80000,0x00000000f7100000)
  from space 36864K, 58% used [0x00000000f7100000,0x00000000f85f2650,0x00000000f9500000)
  to   space 37376K, 0% used [0x00000000f9580000,0x00000000f9580000,0x00000000fba00000)
 ParOldGen       total 108544K, used 66779K [0x00000000c0000000, 0x00000000c6a00000, 0x00000000eaa80000)
  object space 108544K, 61% used [0x00000000c0000000,0x00000000c4136e60,0x00000000c6a00000)
 PSPermGen       total 89088K, used 71875K [0x00000000b0000000, 0x00000000b5700000, 0x00000000c0000000)
  object space 89088K, 80% used [0x00000000b0000000,0x00000000b4630f08,0x00000000b5700000)
Event: 1547,323 GC heap after
Heap after GC invocations=29 (full 8):
 PSYoungGen      total 240128K, used 0K [0x00000000eaa80000, 0x00000000fba00000, 0x0000000100000000)
  eden space 203264K, 0% used [0x00000000eaa80000,0x00000000eaa80000,0x00000000f7100000)
  from space 36864K, 0% used [0x00000000f7100000,0x00000000f7100000,0x00000000f9500000)
  to   space 37376K, 0% used [0x00000000f9580000,0x00000000f9580000,0x00000000fba00000)
 ParOldGen       total 108544K, used 85972K [0x00000000c0000000, 0x00000000c6a00000, 0x00000000eaa80000)
  object space 108544K, 79% used [0x00000000c0000000,0x00000000c53f5268,0x00000000c6a00000)
 PSPermGen       total 94208K, used 71871K [0x00000000b0000000, 0x00000000b5c00000, 0x00000000c0000000)
  object space 94208K, 76% used [0x00000000b0000000,0x00000000b462fd60,0x00000000b5c00000)
}
Event: 1713,396 GC heap before
{Heap before GC invocations=30 (full 8):
 PSYoungGen      total 240128K, used 203264K [0x00000000eaa80000, 0x00000000fba00000, 0x0000000100000000)
  eden space 203264K, 100% used [0x00000000eaa80000,0x00000000f7100000,0x00000000f7100000)
  from space 36864K, 0% used [0x00000000f7100000,0x00000000f7100000,0x00000000f9500000)
  to   space 37376K, 0% used [0x00000000f9580000,0x00000000f9580000,0x00000000fba00000)
 ParOldGen       total 108544K, used 85972K [0x00000000c0000000, 0x00000000c6a00000, 0x00000000eaa80000)
  object space 108544K, 79% used [0x00000000c0000000,0x00000000c53f5268,0x00000000c6a00000)
 PSPermGen       total 94208K, used 79192K [0x00000000b0000000, 0x00000000b5c00000, 0x00000000c0000000)
  object space 94208K, 84% used [0x00000000b0000000,0x00000000b4d561b8,0x00000000b5c00000)
Event: 1713,453 GC heap after
Heap after GC invocations=30 (full 8):
 PSYoungGen      total 239104K, used 26236K [0x00000000eaa80000, 0x00000000fce00000, 0x0000000100000000)
  eden space 201728K, 0% used [0x00000000eaa80000,0x00000000eaa80000,0x00000000f6f80000)
  from space 37376K, 70% used [0x00000000f9580000,0x00000000faf1f378,0x00000000fba00000)
  to   space 38912K, 0% used [0x00000000f6f80000,0x00000000f6f80000,0x00000000f9580000)
 ParOldGen       total 108544K, used 85972K [0x00000000c0000000, 0x00000000c6a00000, 0x00000000eaa80000)
  object space 108544K, 79% used [0x00000000c0000000,0x00000000c53f5268,0x00000000c6a00000)
 PSPermGen       total 94208K, used 79192K [0x00000000b0000000, 0x00000000b5c00000, 0x00000000c0000000)
  object space 94208K, 84% used [0x00000000b0000000,0x00000000b4d561b8,0x00000000b5c00000)
}
Event: 1723,646 GC heap before
{Heap before GC invocations=31 (full 8):
 PSYoungGen      total 239104K, used 73093K [0x00000000eaa80000, 0x00000000fce00000, 0x0000000100000000)
  eden space 201728K, 23% used [0x00000000eaa80000,0x00000000ed842418,0x00000000f6f80000)
  from space 37376K, 70% used [0x00000000f9580000,0x00000000faf1f378,0x00000000fba00000)
  to   space 38912K, 0% used [0x00000000f6f80000,0x00000000f6f80000,0x00000000f9580000)
 ParOldGen       total 108544K, used 85972K [0x00000000c0000000, 0x00000000c6a00000, 0x00000000eaa80000)
  object space 108544K, 79% used [0x00000000c0000000,0x00000000c53f5268,0x00000000c6a00000)
 PSPermGen       total 94208K, used 80197K [0x00000000b0000000, 0x00000000b5c00000, 0x00000000c0000000)
  object space 94208K, 85% used [0x00000000b0000000,0x00000000b4e515d0,0x00000000b5c00000)
Event: 1723,698 GC heap after
Heap after GC invocations=31 (full 8):
 PSYoungGen      total 240640K, used 21025K [0x00000000eaa80000, 0x00000000fcd00000, 0x0000000100000000)
  eden space 201728K, 0% used [0x00000000eaa80000,0x00000000eaa80000,0x00000000f6f80000)
  from space 38912K, 54% used [0x00000000f6f80000,0x00000000f84087a8,0x00000000f9580000)
  to   space 38400K, 0% used [0x00000000fa780000,0x00000000fa780000,0x00000000fcd00000)
 ParOldGen       total 108544K, used 85972K [0x00000000c0000000, 0x00000000c6a00000, 0x00000000eaa80000)
  object space 108544K, 79% used [0x00000000c0000000,0x00000000c53f5268,0x00000000c6a00000)
 PSPermGen       total 94208K, used 80197K [0x00000000b0000000, 0x00000000b5c00000, 0x00000000c0000000)
  object space 94208K, 85% used [0x00000000b0000000,0x00000000b4e515d0,0x00000000b5c00000)
}
Event: 1723,721 GC heap before
{Heap before GC invocations=32 (full 9):
 PSYoungGen      total 240640K, used 21025K [0x00000000eaa80000, 0x00000000fcd00000, 0x0000000100000000)
  eden space 201728K, 0% used [0x00000000eaa80000,0x00000000eaa80000,0x00000000f6f80000)
  from space 38912K, 54% used [0x00000000f6f80000,0x00000000f84087a8,0x00000000f9580000)
  to   space 38400K, 0% used [0x00000000fa780000,0x00000000fa780000,0x00000000fcd00000)
 ParOldGen       total 108544K, used 85972K [0x00000000c0000000, 0x00000000c6a00000, 0x00000000eaa80000)
  object space 108544K, 79% used [0x00000000c0000000,0x00000000c53f5268,0x00000000c6a00000)
 PSPermGen       total 94208K, used 80197K [0x00000000b0000000, 0x00000000b5c00000, 0x00000000c0000000)
  object space 94208K, 85% used [0x00000000b0000000,0x00000000b4e515d0,0x00000000b5c00000)
Event: 1724,761 GC heap after
Heap after GC invocations=32 (full 9):
 PSYoungGen      total 240640K, used 0K [0x00000000eaa80000, 0x00000000fcd00000, 0x0000000100000000)
  eden space 201728K, 0% used [0x00000000eaa80000,0x00000000eaa80000,0x00000000f6f80000)
  from space 38912K, 0% used [0x00000000f6f80000,0x00000000f6f80000,0x00000000f9580000)
  to   space 38400K, 0% used [0x00000000fa780000,0x00000000fa780000,0x00000000fcd00000)
 ParOldGen       total 108544K, used 105087K [0x00000000c0000000, 0x00000000c6a00000, 0x00000000eaa80000)
  object space 108544K, 96% used [0x00000000c0000000,0x00000000c669fdf0,0x00000000c6a00000)
 PSPermGen       total 99840K, used 80193K [0x00000000b0000000, 0x00000000b6180000, 0x00000000c0000000)
  object space 99840K, 80% used [0x00000000b0000000,0x00000000b4e50408,0x00000000b6180000)
}
Event: 1912,250 GC heap before
{Heap before GC invocations=33 (full 10):
 PSYoungGen      total 240640K, used 201728K [0x00000000eaa80000, 0x00000000fcd00000, 0x0000000100000000)
  eden space 201728K, 100% used [0x00000000eaa80000,0x00000000f6f80000,0x00000000f6f80000)
  from space 38912K, 0% used [0x00000000f6f80000,0x00000000f6f80000,0x00000000f9580000)
  to   space 38400K, 0% used [0x00000000fa780000,0x00000000fa780000,0x00000000fcd00000)
 ParOldGen       total 108544K, used 105087K [0x00000000c0000000, 0x00000000c6a00000, 0x00000000eaa80000)
  object space 108544K, 96% used [0x00000000c0000000,0x00000000c669fdf0,0x00000000c6a00000)
 PSPermGen       total 99840K, used 87472K [0x00000000b0000000, 0x00000000b6180000, 0x00000000c0000000)
  object space 99840K, 87% used [0x00000000b0000000,0x00000000b556c320,0x00000000b6180000)

