# JRE version: OpenJDK Runtime Environment (7.0_91-b02) (build 1.7.0_91-b02)
# Java VM: OpenJDK 64-Bit Server VM (24.91-b01 mixed mode linux-amd64 compressed oops)
Heap
 PSYoungGen      total 191488K, used 14019K [0x00000000eaa80000, 0x00000000f7f00000, 0x0000000100000000)
  eden space 168960K, 0% used [0x00000000eaa80000,0x00000000eaa80000,0x00000000f4f80000)
  from space 22528K, 62% used [0x00000000f4f80000,0x00000000f5d30d08,0x00000000f6580000)
  to   space 15872K, 0% used [0x00000000f6580000,0x00000000f6580000,0x00000000f7500000)
 ParOldGen       total 60928K, used 39583K [0x00000000c0000000, 0x00000000c3b80000, 0x00000000eaa80000)
  object space 60928K, 64% used [0x00000000c0000000,0x00000000c26a7cf0,0x00000000c3b80000)
 PSPermGen       total 76288K, used 47627K [0x00000000b0000000, 0x00000000b4a80000, 0x00000000c0000000)
  object space 76288K, 62% used [0x00000000b0000000,0x00000000b2e82e98,0x00000000b4a80000)
GC Heap History (10 events):
Event: 14,600 GC heap after
Heap after GC invocations=8 (full 0):
 PSYoungGen      total 127488K, used 8690K [0x00000000eaa80000, 0x00000000f3880000, 0x0000000100000000)
  eden space 118784K, 0% used [0x00000000eaa80000,0x00000000eaa80000,0x00000000f1e80000)
  from space 8704K, 99% used [0x00000000f2a00000,0x00000000f327c8b0,0x00000000f3280000)
  to   space 11776K, 0% used [0x00000000f1e80000,0x00000000f1e80000,0x00000000f2a00000)
 ParOldGen       total 19456K, used 15855K [0x00000000c0000000, 0x00000000c1300000, 0x00000000eaa80000)
  object space 19456K, 81% used [0x00000000c0000000,0x00000000c0f7bd00,0x00000000c1300000)
 PSPermGen       total 30720K, used 30530K [0x00000000b0000000, 0x00000000b1e00000, 0x00000000c0000000)
  object space 30720K, 99% used [0x00000000b0000000,0x00000000b1dd0810,0x00000000b1e00000)
}
Event: 14,600 GC heap before
{Heap before GC invocations=9 (full 1):
 PSYoungGen      total 127488K, used 8690K [0x00000000eaa80000, 0x00000000f3880000, 0x0000000100000000)
  eden space 118784K, 0% used [0x00000000eaa80000,0x00000000eaa80000,0x00000000f1e80000)
  from space 8704K, 99% used [0x00000000f2a00000,0x00000000f327c8b0,0x00000000f3280000)
  to   space 11776K, 0% used [0x00000000f1e80000,0x00000000f1e80000,0x00000000f2a00000)
 ParOldGen       total 19456K, used 15855K [0x00000000c0000000, 0x00000000c1300000, 0x00000000eaa80000)
  object space 19456K, 81% used [0x00000000c0000000,0x00000000c0f7bd00,0x00000000c1300000)
 PSPermGen       total 30720K, used 30530K [0x00000000b0000000, 0x00000000b1e00000, 0x00000000c0000000)
  object space 30720K, 99% used [0x00000000b0000000,0x00000000b1dd0810,0x00000000b1e00000)
Event: 14,925 GC heap after
Heap after GC invocations=9 (full 1):
 PSYoungGen      total 127488K, used 1002K [0x00000000eaa80000, 0x00000000f3880000, 0x0000000100000000)
  eden space 118784K, 0% used [0x00000000eaa80000,0x00000000eaa80000,0x00000000f1e80000)
  from space 8704K, 11% used [0x00000000f2a00000,0x00000000f2afaba8,0x00000000f3280000)
  to   space 11776K, 0% used [0x00000000f1e80000,0x00000000f1e80000,0x00000000f2a00000)
 ParOldGen       total 36864K, used 19209K [0x00000000c0000000, 0x00000000c2400000, 0x00000000eaa80000)
  object space 36864K, 52% used [0x00000000c0000000,0x00000000c12c2690,0x00000000c2400000)
 PSPermGen       total 61440K, used 30517K [0x00000000b0000000, 0x00000000b3c00000, 0x00000000c0000000)
  object space 61440K, 49% used [0x00000000b0000000,0x00000000b1dcd678,0x00000000b3c00000)
}
Event: 22,016 GC heap before
{Heap before GC invocations=10 (full 1):
 PSYoungGen      total 127488K, used 119786K [0x00000000eaa80000, 0x00000000f3880000, 0x0000000100000000)
  eden space 118784K, 100% used [0x00000000eaa80000,0x00000000f1e80000,0x00000000f1e80000)
  from space 8704K, 11% used [0x00000000f2a00000,0x00000000f2afaba8,0x00000000f3280000)
  to   space 11776K, 0% used [0x00000000f1e80000,0x00000000f1e80000,0x00000000f2a00000)
 ParOldGen       total 36864K, used 19209K [0x00000000c0000000, 0x00000000c2400000, 0x00000000eaa80000)
  object space 36864K, 52% used [0x00000000c0000000,0x00000000c12c2690,0x00000000c2400000)
 PSPermGen       total 61440K, used 35563K [0x00000000b0000000, 0x00000000b3c00000, 0x00000000c0000000)
  object space 61440K, 57% used [0x00000000b0000000,0x00000000b22bafe8,0x00000000b3c00000)
Event: 25,107 GC heap after
Heap after GC invocations=10 (full 1):
 PSYoungGen      total 130560K, used 11757K [0x00000000eaa80000, 0x00000000f7500000, 0x0000000100000000)
  eden space 118784K, 0% used [0x00000000eaa80000,0x00000000eaa80000,0x00000000f1e80000)
  from space 11776K, 99% used [0x00000000f1e80000,0x00000000f29fb598,0x00000000f2a00000)
  to   space 15872K, 0% used [0x00000000f6580000,0x00000000f6580000,0x00000000f7500000)
 ParOldGen       total 36864K, used 24096K [0x00000000c0000000, 0x00000000c2400000, 0x00000000eaa80000)
  object space 36864K, 65% used [0x00000000c0000000,0x00000000c17881b8,0x00000000c2400000)
 PSPermGen       total 61440K, used 35563K [0x00000000b0000000, 0x00000000b3c00000, 0x00000000c0000000)
  object space 61440K, 57% used [0x00000000b0000000,0x00000000b22bafe8,0x00000000b3c00000)
}
Event: 34,685 GC heap before
{Heap before GC invocations=11 (full 1):
 PSYoungGen      total 130560K, used 130541K [0x00000000eaa80000, 0x00000000f7500000, 0x0000000100000000)
  eden space 118784K, 100% used [0x00000000eaa80000,0x00000000f1e80000,0x00000000f1e80000)
  from space 11776K, 99% used [0x00000000f1e80000,0x00000000f29fb598,0x00000000f2a00000)
  to   space 15872K, 0% used [0x00000000f6580000,0x00000000f6580000,0x00000000f7500000)
 ParOldGen       total 36864K, used 24096K [0x00000000c0000000, 0x00000000c2400000, 0x00000000eaa80000)
  object space 36864K, 65% used [0x00000000c0000000,0x00000000c17881b8,0x00000000c2400000)
 PSPermGen       total 61440K, used 40179K [0x00000000b0000000, 0x00000000b3c00000, 0x00000000c0000000)
  object space 61440K, 65% used [0x00000000b0000000,0x00000000b273ce40,0x00000000b3c00000)
Event: 34,762 GC heap after
Heap after GC invocations=11 (full 1):
 PSYoungGen      total 184832K, used 15865K [0x00000000eaa80000, 0x00000000f7f00000, 0x0000000100000000)
  eden space 168960K, 0% used [0x00000000eaa80000,0x00000000eaa80000,0x00000000f4f80000)
  from space 15872K, 99% used [0x00000000f6580000,0x00000000f74fe588,0x00000000f7500000)
  to   space 22528K, 0% used [0x00000000f4f80000,0x00000000f4f80000,0x00000000f6580000)
 ParOldGen       total 36864K, used 34204K [0x00000000c0000000, 0x00000000c2400000, 0x00000000eaa80000)
  object space 36864K, 92% used [0x00000000c0000000,0x00000000c21670f0,0x00000000c2400000)
 PSPermGen       total 61440K, used 40179K [0x00000000b0000000, 0x00000000b3c00000, 0x00000000c0000000)
  object space 61440K, 65% used [0x00000000b0000000,0x00000000b273ce40,0x00000000b3c00000)
}
Event: 34,762 GC heap before
{Heap before GC invocations=12 (full 2):
 PSYoungGen      total 184832K, used 15865K [0x00000000eaa80000, 0x00000000f7f00000, 0x0000000100000000)
  eden space 168960K, 0% used [0x00000000eaa80000,0x00000000eaa80000,0x00000000f4f80000)
  from space 15872K, 99% used [0x00000000f6580000,0x00000000f74fe588,0x00000000f7500000)
  to   space 22528K, 0% used [0x00000000f4f80000,0x00000000f4f80000,0x00000000f6580000)
 ParOldGen       total 36864K, used 34204K [0x00000000c0000000, 0x00000000c2400000, 0x00000000eaa80000)
  object space 36864K, 92% used [0x00000000c0000000,0x00000000c21670f0,0x00000000c2400000)
 PSPermGen       total 61440K, used 40179K [0x00000000b0000000, 0x00000000b3c00000, 0x00000000c0000000)
  object space 61440K, 65% used [0x00000000b0000000,0x00000000b273ce40,0x00000000b3c00000)
Event: 35,300 GC heap after
Heap after GC invocations=12 (full 2):
 PSYoungGen      total 184832K, used 3058K [0x00000000eaa80000, 0x00000000f7f00000, 0x0000000100000000)
  eden space 168960K, 0% used [0x00000000eaa80000,0x00000000eaa80000,0x00000000f4f80000)
  from space 15872K, 19% used [0x00000000f6580000,0x00000000f687c990,0x00000000f7500000)
  to   space 22528K, 0% used [0x00000000f4f80000,0x00000000f4f80000,0x00000000f6580000)
 ParOldGen       total 60928K, used 36499K [0x00000000c0000000, 0x00000000c3b80000, 0x00000000eaa80000)
  object space 60928K, 59% used [0x00000000c0000000,0x00000000c23a4cb0,0x00000000c3b80000)
 PSPermGen       total 76288K, used 40170K [0x00000000b0000000, 0x00000000b4a80000, 0x00000000c0000000)
  object space 76288K, 52% used [0x00000000b0000000,0x00000000b273aae8,0x00000000b4a80000)
}
Event: 68,978 GC heap before
{Heap before GC invocations=13 (full 2):
 PSYoungGen      total 184832K, used 172018K [0x00000000eaa80000, 0x00000000f7f00000, 0x0000000100000000)
  eden space 168960K, 100% used [0x00000000eaa80000,0x00000000f4f80000,0x00000000f4f80000)
  from space 15872K, 19% used [0x00000000f6580000,0x00000000f687c990,0x00000000f7500000)
  to   space 22528K, 0% used [0x00000000f4f80000,0x00000000f4f80000,0x00000000f6580000)
 ParOldGen       total 60928K, used 36499K [0x00000000c0000000, 0x00000000c3b80000, 0x00000000eaa80000)
  object space 60928K, 59% used [0x00000000c0000000,0x00000000c23a4cb0,0x00000000c3b80000)
 PSPermGen       total 76288K, used 47627K [0x00000000b0000000, 0x00000000b4a80000, 0x00000000c0000000)
  object space 76288K, 62% used [0x00000000b0000000,0x00000000b2e82e98,0x00000000b4a80000)

